0 info it worked if it ends with ok
1 verbose cli [ 'node',
1 verbose cli   '/usr/local/bin/npm',
1 verbose cli   'install',
1 verbose cli   '--save',
1 verbose cli   'react-bootstrap' ]
2 info using npm@2.11.3
3 info using node@v0.12.7
4 verbose node symlink /usr/bin/node
5 verbose install initial load of /Users/kunn/Desktop/freela/package.json
6 verbose installManyTop reading scoped package data from /Users/kunn/Desktop/freela/node_modules/alt/package.json
7 verbose installManyTop reading scoped package data from /Users/kunn/Desktop/freela/node_modules/babel/package.json
8 verbose installManyTop reading scoped package data from /Users/kunn/Desktop/freela/node_modules/babel-core/package.json
9 verbose installManyTop reading scoped package data from /Users/kunn/Desktop/freela/node_modules/babel-eslint/package.json
10 verbose installManyTop reading scoped package data from /Users/kunn/Desktop/freela/node_modules/babel-loader/package.json
11 verbose installManyTop reading scoped package data from /Users/kunn/Desktop/freela/node_modules/bluebird/package.json
12 verbose installManyTop reading scoped package data from /Users/kunn/Desktop/freela/node_modules/body-parser/package.json
13 verbose installManyTop reading scoped package data from /Users/kunn/Desktop/freela/node_modules/bootstrap/package.json
14 verbose installManyTop reading scoped package data from /Users/kunn/Desktop/freela/node_modules/browser-sync/package.json
15 verbose installManyTop reading scoped package data from /Users/kunn/Desktop/freela/node_modules/cookie-parser/package.json
16 verbose installManyTop reading scoped package data from /Users/kunn/Desktop/freela/node_modules/css-loader/package.json
17 verbose installManyTop reading scoped package data from /Users/kunn/Desktop/freela/node_modules/debug/package.json
18 verbose installManyTop reading scoped package data from /Users/kunn/Desktop/freela/node_modules/ejs/package.json
19 verbose installManyTop reading scoped package data from /Users/kunn/Desktop/freela/node_modules/eslint/package.json
20 verbose installManyTop reading scoped package data from /Users/kunn/Desktop/freela/node_modules/eslint-plugin-babel/package.json
21 verbose installManyTop reading scoped package data from /Users/kunn/Desktop/freela/node_modules/eslint-plugin-react/package.json
22 verbose installManyTop reading scoped package data from /Users/kunn/Desktop/freela/node_modules/express/package.json
23 verbose installManyTop reading scoped package data from /Users/kunn/Desktop/freela/node_modules/gulp/package.json
24 verbose installManyTop reading scoped package data from /Users/kunn/Desktop/freela/node_modules/gulp-autoprefixer/package.json
25 verbose installManyTop reading scoped package data from /Users/kunn/Desktop/freela/node_modules/gulp-babel/package.json
26 verbose installManyTop reading scoped package data from /Users/kunn/Desktop/freela/node_modules/gulp-batch/package.json
27 verbose installManyTop reading scoped package data from /Users/kunn/Desktop/freela/node_modules/gulp-clean/package.json
28 verbose installManyTop reading scoped package data from /Users/kunn/Desktop/freela/node_modules/gulp-concat/package.json
29 verbose installManyTop reading scoped package data from /Users/kunn/Desktop/freela/node_modules/gulp-minify-css/package.json
30 verbose installManyTop reading scoped package data from /Users/kunn/Desktop/freela/node_modules/gulp-rename/package.json
31 verbose installManyTop reading scoped package data from /Users/kunn/Desktop/freela/node_modules/gulp-sass/package.json
32 verbose installManyTop reading scoped package data from /Users/kunn/Desktop/freela/node_modules/gulp-sourcemaps/package.json
33 verbose installManyTop reading scoped package data from /Users/kunn/Desktop/freela/node_modules/gulp-uglify/package.json
34 verbose installManyTop reading scoped package data from /Users/kunn/Desktop/freela/node_modules/gulp-util/package.json
35 verbose installManyTop reading scoped package data from /Users/kunn/Desktop/freela/node_modules/jade/package.json
36 verbose installManyTop reading scoped package data from /Users/kunn/Desktop/freela/node_modules/json-loader/package.json
37 verbose installManyTop reading scoped package data from /Users/kunn/Desktop/freela/node_modules/jsx-loader/package.json
38 verbose installManyTop reading scoped package data from /Users/kunn/Desktop/freela/node_modules/material-ui/package.json
39 verbose installManyTop reading scoped package data from /Users/kunn/Desktop/freela/node_modules/morgan/package.json
40 verbose installManyTop reading scoped package data from /Users/kunn/Desktop/freela/node_modules/mysql/package.json
41 verbose installManyTop reading scoped package data from /Users/kunn/Desktop/freela/node_modules/node-sass/package.json
42 verbose installManyTop reading scoped package data from /Users/kunn/Desktop/freela/node_modules/react/package.json
43 verbose installManyTop reading scoped package data from /Users/kunn/Desktop/freela/node_modules/react-hot-loader/package.json
44 verbose installManyTop reading scoped package data from /Users/kunn/Desktop/freela/node_modules/react-router/package.json
45 verbose installManyTop reading scoped package data from /Users/kunn/Desktop/freela/node_modules/react-tap-event-plugin/package.json
46 verbose installManyTop reading scoped package data from /Users/kunn/Desktop/freela/node_modules/sass-loader/package.json
47 verbose installManyTop reading scoped package data from /Users/kunn/Desktop/freela/node_modules/sequelize/package.json
48 verbose installManyTop reading scoped package data from /Users/kunn/Desktop/freela/node_modules/serve-favicon/package.json
49 verbose installManyTop reading scoped package data from /Users/kunn/Desktop/freela/node_modules/style-loader/package.json
50 verbose installManyTop reading scoped package data from /Users/kunn/Desktop/freela/node_modules/superagent/package.json
51 verbose installManyTop reading scoped package data from /Users/kunn/Desktop/freela/node_modules/superagent-bluebird-promise/package.json
52 verbose installManyTop reading scoped package data from /Users/kunn/Desktop/freela/node_modules/uglify-loader/package.json
53 verbose installManyTop reading scoped package data from /Users/kunn/Desktop/freela/node_modules/webpack/package.json
54 verbose installManyTop reading scoped package data from /Users/kunn/Desktop/freela/node_modules/webpack-dev-server/package.json
55 verbose installManyTop reading scoped package data from /Users/kunn/Desktop/freela/node_modules/yamljs/package.json
56 info package.json gulp-clean@0.3.1 No license field.
57 info package.json gulp-rename@1.2.2 No license field.
58 info package.json jsx-loader@0.13.2 license should be a valid SPDX license expression
59 info package.json yamljs@0.2.3 No license field.
60 info package.json react-tap-event-plugin@0.1.7 No license field.
61 verbose readDependencies loading dependencies from /Users/kunn/Desktop/freela/package.json
62 silly cache add args [ 'react-bootstrap', null ]
63 verbose cache add spec react-bootstrap
64 silly cache add parsed spec { raw: 'react-bootstrap',
64 silly cache add   scope: null,
64 silly cache add   name: 'react-bootstrap',
64 silly cache add   rawSpec: '',
64 silly cache add   spec: '*',
64 silly cache add   type: 'range' }
65 silly addNamed react-bootstrap@*
66 verbose addNamed "*" is a valid semver range for react-bootstrap
67 silly addNameRange { name: 'react-bootstrap', range: '*', hasData: false }
68 silly mapToRegistry name react-bootstrap
69 silly mapToRegistry using default registry
70 silly mapToRegistry registry https://registry.npmjs.org/
71 silly mapToRegistry uri https://registry.npmjs.org/react-bootstrap
72 verbose addNameRange registry:https://registry.npmjs.org/react-bootstrap not in flight; fetching
73 verbose request uri https://registry.npmjs.org/react-bootstrap
74 verbose request no auth needed
75 info attempt registry request try #1 at 6:15:12 PM
76 verbose request id 837eb6b1684a6211
77 http request GET https://registry.npmjs.org/react-bootstrap
78 http 200 https://registry.npmjs.org/react-bootstrap
79 silly get cb [ 200,
79 silly get   { server: 'CouchDB/1.5.0 (Erlang OTP/R16B03)',
79 silly get     etag: '"NLRNWIZ7DKGKFUFLXXN7P382"',
79 silly get     'content-type': 'application/json',
79 silly get     'cache-control': 'max-age=60',
79 silly get     'content-length': '186362',
79 silly get     'accept-ranges': 'bytes',
79 silly get     date: 'Mon, 14 Sep 2015 10:15:13 GMT',
79 silly get     via: '1.1 varnish',
79 silly get     age: '0',
79 silly get     connection: 'keep-alive',
79 silly get     'x-served-by': 'cache-sin6926-SIN',
79 silly get     'x-cache': 'HIT',
79 silly get     'x-cache-hits': '1',
79 silly get     'x-timer': 'S1442225713.085644,VS0,VE246',
79 silly get     vary: 'Accept' } ]
80 verbose get saving react-bootstrap to /Users/kunn/.npm/registry.npmjs.org/react-bootstrap/.cache.json
81 silly addNameRange number 2 { name: 'react-bootstrap', range: '*', hasData: true }
82 silly addNameRange versions [ 'react-bootstrap',
82 silly addNameRange   [ '0.2.0',
82 silly addNameRange     '0.3.0',
82 silly addNameRange     '0.4.0',
82 silly addNameRange     '0.4.2',
82 silly addNameRange     '0.5.0',
82 silly addNameRange     '0.5.1',
82 silly addNameRange     '0.5.2',
82 silly addNameRange     '0.6.2',
82 silly addNameRange     '0.7.0',
82 silly addNameRange     '0.6.0',
82 silly addNameRange     '0.6.1',
82 silly addNameRange     '0.7.1',
82 silly addNameRange     '0.7.2',
82 silly addNameRange     '0.8.0',
82 silly addNameRange     '0.8.1',
82 silly addNameRange     '0.8.2',
82 silly addNameRange     '0.9.0',
82 silly addNameRange     '0.10.0',
82 silly addNameRange     '0.10.1',
82 silly addNameRange     '0.10.2',
82 silly addNameRange     '0.11.0',
82 silly addNameRange     '0.11.1',
82 silly addNameRange     '0.12.0',
82 silly addNameRange     '0.13.0',
82 silly addNameRange     '0.13.1',
82 silly addNameRange     '0.13.2',
82 silly addNameRange     '0.13.3',
82 silly addNameRange     '0.14.0',
82 silly addNameRange     '0.14.1',
82 silly addNameRange     '0.15.0',
82 silly addNameRange     '0.15.1',
82 silly addNameRange     '0.16.0',
82 silly addNameRange     '0.16.1',
82 silly addNameRange     '0.17.0',
82 silly addNameRange     '0.18.0',
82 silly addNameRange     '0.19.0',
82 silly addNameRange     '0.19.1',
82 silly addNameRange     '0.20.0',
82 silly addNameRange     '0.20.1',
82 silly addNameRange     '0.20.2',
82 silly addNameRange     '0.20.3',
82 silly addNameRange     '0.21.0',
82 silly addNameRange     '0.21.1',
82 silly addNameRange     '0.21.2',
82 silly addNameRange     '0.22.0',
82 silly addNameRange     '0.22.1',
82 silly addNameRange     '0.22.2',
82 silly addNameRange     '0.22.3',
82 silly addNameRange     '0.22.4',
82 silly addNameRange     '0.22.5',
82 silly addNameRange     '0.22.6',
82 silly addNameRange     '0.23.0',
82 silly addNameRange     '0.23.1',
82 silly addNameRange     '0.24.0-alpha.0',
82 silly addNameRange     '0.23.2',
82 silly addNameRange     '0.24.0-alpha.1',
82 silly addNameRange     '0.23.3',
82 silly addNameRange     '0.24.0-alpha.2',
82 silly addNameRange     '0.23.4',
82 silly addNameRange     '0.24.0-alpha.3',
82 silly addNameRange     '0.23.5',
82 silly addNameRange     '0.24.0-alpha.4',
82 silly addNameRange     '0.23.6',
82 silly addNameRange     '0.23.7',
82 silly addNameRange     '0.24.0',
82 silly addNameRange     '0.24.1',
82 silly addNameRange     '0.24.2',
82 silly addNameRange     '0.24.3',
82 silly addNameRange     '0.25.0-alpha.0',
82 silly addNameRange     '0.24.4',
82 silly addNameRange     '0.25.0-alpha.1',
82 silly addNameRange     '0.24.5',
82 silly addNameRange     '0.24.5-react-pre.0',
82 silly addNameRange     '0.25.0',
82 silly addNameRange     '0.25.100-react-pre.0',
82 silly addNameRange     '0.25.1',
82 silly addNameRange     '0.25.2',
82 silly addNameRange     '0.25.100-react-pre.1' ] ]
83 silly addNamed react-bootstrap@0.25.2
84 verbose addNamed "0.25.2" is a plain semver version for react-bootstrap
85 silly mapToRegistry name react-bootstrap
86 silly mapToRegistry using default registry
87 silly mapToRegistry registry https://registry.npmjs.org/
88 silly mapToRegistry uri https://registry.npmjs.org/react-bootstrap
89 verbose addRemoteTarball https://registry.npmjs.org/react-bootstrap/-/react-bootstrap-0.25.2.tgz not in flight; adding
90 verbose addRemoteTarball [ 'https://registry.npmjs.org/react-bootstrap/-/react-bootstrap-0.25.2.tgz',
90 verbose addRemoteTarball   'f7b31928f4bf1c9acb1aa637de7bb3fcf535076b' ]
91 info retry fetch attempt 1 at 6:15:16 PM
92 info attempt registry request try #1 at 6:15:16 PM
93 http fetch GET https://registry.npmjs.org/react-bootstrap/-/react-bootstrap-0.25.2.tgz
94 http fetch 200 https://registry.npmjs.org/react-bootstrap/-/react-bootstrap-0.25.2.tgz
95 silly fetchAndShaCheck shasum f7b31928f4bf1c9acb1aa637de7bb3fcf535076b
96 verbose addTmpTarball /var/folders/f2/b580s0tn24765kp38jsysbp40000gn/T/npm-8372-5e60dad3/registry.npmjs.org/react-bootstrap/-/react-bootstrap-0.25.2.tgz not in flight; adding
97 verbose addTmpTarball already have metadata; skipping unpack for react-bootstrap@0.25.2
98 silly cache afterAdd react-bootstrap@0.25.2
99 verbose afterAdd /Users/kunn/.npm/react-bootstrap/0.25.2/package/package.json not in flight; writing
100 verbose afterAdd /Users/kunn/.npm/react-bootstrap/0.25.2/package/package.json written
101 silly install resolved [ { name: 'react-bootstrap',
101 silly install resolved     version: '0.25.2',
101 silly install resolved     description: 'Bootstrap 3 components build with React',
101 silly install resolved     repository:
101 silly install resolved      { type: 'git',
101 silly install resolved        url: 'git+https://github.com/react-bootstrap/react-bootstrap.git' },
101 silly install resolved     homepage: 'http://react-bootstrap.github.io/',
101 silly install resolved     scripts:
101 silly install resolved      { build: 'babel-node tools/build-cli.js',
101 silly install resolved        'test-watch': 'karma start',
101 silly install resolved        'test-coverage': 'COVERAGE=true karma start --single-run',
101 silly install resolved        test: 'npm run lint && npm run build && npm run tests-set',
101 silly install resolved        'tests-set': 'karma start --single-run && _mocha --compilers js:babel-core/register test/server/*Spec.js',
101 silly install resolved        lint: 'eslint ./',
101 silly install resolved        'docs-build': 'babel-node tools/build-cli.js --docs-only',
101 silly install resolved        docs: 'babel-node docs/dev-run',
101 silly install resolved        'docs-prod': 'npm run docs-build && NODE_ENV=production babel-node docs/server.js',
101 silly install resolved        'docs-prod-unoptimized': 'npm run docs-build -- --dev && NODE_ENV=production babel-node docs/server.js' },
101 silly install resolved     main: 'lib/index.js',
101 silly install resolved     directories: { lib: 'lib/' },
101 silly install resolved     files: [ 'LICENSE', 'README.md', 'CHANGELOG.md', 'lib', 'dist' ],
101 silly install resolved     keywords: [ 'react', 'ecosystem-react', 'react-component', 'bootstrap' ],
101 silly install resolved     author: { name: 'Stephen J. Collings', email: 'stevoland@gmail.com' },
101 silly install resolved     license: 'MIT',
101 silly install resolved     peerDependencies: { react: '>=0.13' },
101 silly install resolved     devDependencies:
101 silly install resolved      { babel: '^5.8.19',
101 silly install resolved        'babel-core': '^5.8.19',
101 silly install resolved        'babel-eslint': '^4.0.5',
101 silly install resolved        'babel-loader': '^5.3.2',
101 silly install resolved        bootstrap: '^3.3.5',
101 silly install resolved        brfs: '^1.4.0',
101 silly install resolved        chai: '^3.2.0',
101 silly install resolved        'child-process-promise': '^1.1.0',
101 silly install resolved        codemirror: '^5.5.0',
101 silly install resolved        colors: '^1.1.2',
101 silly install resolved        'css-loader': '^0.16.0',
101 silly install resolved        'es5-shim': '^4.1.10',
101 silly install resolved        eslint: '1.2.x',
101 silly install resolved        'eslint-config-airbnb': '0.0.8',
101 silly install resolved        'eslint-plugin-babel': '^2.0.0',
101 silly install resolved        'eslint-plugin-lodash': '^0.1.3',
101 silly install resolved        'eslint-plugin-mocha': '^0.5.1',
101 silly install resolved        'eslint-plugin-react': '^3.1.0',
101 silly install resolved        express: '^4.13.1',
101 silly install resolved        'extract-text-webpack-plugin': '^0.8.2',
101 silly install resolved        'file-loader': '^0.8.4',
101 silly install resolved        'fs-extra': '^0.23.0',
101 silly install resolved        'fs-promise': '^0.3.1',
101 silly install resolved        glob: '^5.0.14',
101 silly install resolved        'http-proxy': '^1.11.1',
101 silly install resolved        ip: '^0.3.3',
101 silly install resolved        'isparta-loader': '^0.2.0',
101 silly install resolved        'json-loader': '^0.5.2',
101 silly install resolved        karma: '~0.13.3',
101 silly install resolved        'karma-chrome-launcher': '~0.2.0',
101 silly install resolved        'karma-cli': '0.1.0',
101 silly install resolved        'karma-coverage': '^0.5.0',
101 silly install resolved        'karma-coveralls': '^1.1.2',
101 silly install resolved        'karma-firefox-launcher': '~0.1.6',
101 silly install resolved        'karma-mocha': '~0.2.0',
101 silly install resolved        'karma-mocha-reporter': '^1.0.4',
101 silly install resolved        'karma-phantomjs-launcher': '^0.2.0',
101 silly install resolved        'karma-sinon-chai': '^1.0.0',
101 silly install resolved        'karma-sourcemap-loader': '^0.3.5',
101 silly install resolved        'karma-webpack': '^1.7.0',
101 silly install resolved        less: '^2.5.1',
101 silly install resolved        'less-loader': '^2.2.0',
101 silly install resolved        marked: '^0.3.5',
101 silly install resolved        mocha: '^2.2.5',
101 silly install resolved        'mt-changelog': '^0.6.1',
101 silly install resolved        'node-libs-browser': '^0.5.2',
101 silly install resolved        nodemon: '^1.4.0',
101 silly install resolved        'output-file-sync': '^1.1.1',
101 silly install resolved        phantomjs: '^1.9.17',
101 silly install resolved        portfinder: '^0.4.0',
101 silly install resolved        react: '^0.13.3',
101 silly install resolved        'react-component-metadata': '^1.3.0',
101 silly install resolved        'react-hot-loader': '^1.2.8',
101 silly install resolved        'react-router': '^0.13.3',
101 silly install resolved        rimraf: '^2.4.2',
101 silly install resolved        semver: '^5.0.1',
101 silly install resolved        sinon: '^1.15.4',
101 silly install resolved        'sinon-chai': '^2.8.0',
101 silly install resolved        'style-loader': '^0.12.3',
101 silly install resolved        'transform-loader': '^0.2.2',
101 silly install resolved        webpack: '^1.10.5',
101 silly install resolved        'webpack-dev-server': '^1.10.1',
101 silly install resolved        yargs: '^3.16.1' },
101 silly install resolved     dependencies:
101 silly install resolved      { 'babel-runtime': '^5.8.19',
101 silly install resolved        classnames: '^2.1.3',
101 silly install resolved        'dom-helpers': '^2.2.4',
101 silly install resolved        keycode: '^2.0.0',
101 silly install resolved        lodash: '^3.10.0',
101 silly install resolved        'react-overlays': '^0.4.4',
101 silly install resolved        uncontrollable: '^3.0.0' },
101 silly install resolved     gitHead: '08d5758c4a700f6b89ae35570e1df4dc706e003a',
101 silly install resolved     bugs: { url: 'https://github.com/react-bootstrap/react-bootstrap/issues' },
101 silly install resolved     _id: 'react-bootstrap@0.25.2',
101 silly install resolved     _shasum: 'f7b31928f4bf1c9acb1aa637de7bb3fcf535076b',
101 silly install resolved     _from: 'react-bootstrap@*',
101 silly install resolved     _npmVersion: '2.14.2',
101 silly install resolved     _nodeVersion: '0.12.7',
101 silly install resolved     _npmUser: { name: 'taion', email: 'tesrin@gmail.com' },
101 silly install resolved     dist:
101 silly install resolved      { shasum: 'f7b31928f4bf1c9acb1aa637de7bb3fcf535076b',
101 silly install resolved        tarball: 'http://registry.npmjs.org/react-bootstrap/-/react-bootstrap-0.25.2.tgz' },
101 silly install resolved     maintainers: [ [Object], [Object], [Object], [Object] ],
101 silly install resolved     _resolved: 'https://registry.npmjs.org/react-bootstrap/-/react-bootstrap-0.25.2.tgz' } ]
102 info install react-bootstrap@0.25.2 into /Users/kunn/Desktop/freela
103 info installOne react-bootstrap@0.25.2
104 verbose installOne of react-bootstrap to /Users/kunn/Desktop/freela not in flight; installing
105 warn locking Error: EACCES, open '/Users/kunn/.npm/_locks/react-bootstrap-e6515119ef6920b4.lock'
105 warn locking     at Error (native)
105 warn locking  /Users/kunn/.npm/_locks/react-bootstrap-e6515119ef6920b4.lock failed { [Error: EACCES, open '/Users/kunn/.npm/_locks/react-bootstrap-e6515119ef6920b4.lock']
105 warn locking   errno: -13,
105 warn locking   code: 'EACCES',
105 warn locking   path: '/Users/kunn/.npm/_locks/react-bootstrap-e6515119ef6920b4.lock' }
106 verbose stack Error: Attempt to unlock /Users/kunn/Desktop/freela/node_modules/react-bootstrap, which hasn't been locked
106 verbose stack     at unlock (/usr/local/lib/node_modules/npm/lib/utils/locker.js:66:11)
106 verbose stack     at cb (/usr/local/lib/node_modules/npm/lib/install.js:1017:5)
106 verbose stack     at /usr/local/lib/node_modules/npm/lib/install.js:1021:20
106 verbose stack     at /usr/local/lib/node_modules/npm/lib/utils/locker.js:40:9
106 verbose stack     at cb (/usr/local/lib/node_modules/npm/node_modules/lockfile/lockfile.js:149:38)
106 verbose stack     at /usr/local/lib/node_modules/npm/node_modules/lockfile/lockfile.js:177:38
106 verbose stack     at FSReqWrap.oncomplete (fs.js:95:15)
107 verbose cwd /Users/kunn/Desktop/freela/src/js
108 error Darwin 14.5.0
109 error argv "node" "/usr/local/bin/npm" "install" "--save" "react-bootstrap"
110 error node v0.12.7
111 error npm  v2.11.3
112 error Attempt to unlock /Users/kunn/Desktop/freela/node_modules/react-bootstrap, which hasn't been locked
113 error If you need help, you may report this error at:
113 error     <https://github.com/npm/npm/issues>
114 verbose exit [ 1, true ]
